<?xml version="1.0" encoding="UTF-8"?>
<testng-results ignored="0" total="2" passed="2" failed="0" skipped="0">
  <reporter-output>
  </reporter-output>
  <suite started-at="2018-01-26T20:13:24Z" name="Amazon" finished-at="2018-01-26T20:14:02Z" duration-ms="38421">
    <groups>
    </groups>
    <test started-at="2018-01-26T20:13:24Z" name="Test Amazon" finished-at="2018-01-26T20:14:02Z" duration-ms="38421">
      <class name="testcases.TestDropDownMenu">
        <test-method is-config="true" signature="setUp(boolean, java.lang.String, java.lang.String, java.lang.String, java.lang.String, java.lang.String, java.lang.String)[pri:0, instance:testcases.TestDropDownMenu@662ac478]" started-at="2018-01-26T15:13:24Z" name="setUp" finished-at="2018-01-26T15:13:39Z" duration-ms="14716" status="PASS">
          <params>
            <param index="0">
              <value>
                <![CDATA[false]]>
              </value>
            </param>
            <param index="1">
              <value>
                <![CDATA[browserstack]]>
              </value>
            </param>
            <param index="2">
              <value>
                <![CDATA[Windows]]>
              </value>
            </param>
            <param index="3">
              <value>
                <![CDATA[Windows]]>
              </value>
            </param>
            <param index="4">
              <value>
                <![CDATA[chrome]]>
              </value>
            </param>
            <param index="5">
              <value>
                <![CDATA[63.0]]>
              </value>
            </param>
            <param index="6">
              <value>
                <![CDATA[http://amazon.com]]>
              </value>
            </param>
          </params>
          <reporter-output>
          </reporter-output>
        </test-method> <!-- setUp -->
        <test-method signature="testDropDownMenu()[pri:0, instance:testcases.TestDropDownMenu@662ac478]" started-at="2018-01-26T15:13:39Z" name="testDropDownMenu" finished-at="2018-01-26T15:13:40Z" duration-ms="788" status="PASS">
          <reporter-output>
          </reporter-output>
        </test-method> <!-- testDropDownMenu -->
        <test-method is-config="true" signature="cleanUp()[pri:0, instance:testcases.TestDropDownMenu@662ac478]" started-at="2018-01-26T15:13:40Z" name="cleanUp" finished-at="2018-01-26T15:13:42Z" duration-ms="2210" status="PASS">
          <reporter-output>
          </reporter-output>
        </test-method> <!-- cleanUp -->
        <test-method is-config="true" signature="setUp(boolean, java.lang.String, java.lang.String, java.lang.String, java.lang.String, java.lang.String, java.lang.String)[pri:0, instance:testcases.TestDropDownMenu@662ac478]" started-at="2018-01-26T15:13:42Z" name="setUp" finished-at="2018-01-26T15:13:53Z" duration-ms="11706" status="PASS">
          <params>
            <param index="0">
              <value>
                <![CDATA[false]]>
              </value>
            </param>
            <param index="1">
              <value>
                <![CDATA[browserstack]]>
              </value>
            </param>
            <param index="2">
              <value>
                <![CDATA[Windows]]>
              </value>
            </param>
            <param index="3">
              <value>
                <![CDATA[Windows]]>
              </value>
            </param>
            <param index="4">
              <value>
                <![CDATA[chrome]]>
              </value>
            </param>
            <param index="5">
              <value>
                <![CDATA[63.0]]>
              </value>
            </param>
            <param index="6">
              <value>
                <![CDATA[http://amazon.com]]>
              </value>
            </param>
          </params>
          <reporter-output>
          </reporter-output>
        </test-method> <!-- setUp -->
        <test-method signature="testMouseHover()[pri:0, instance:testcases.TestDropDownMenu@662ac478]" started-at="2018-01-26T15:13:53Z" name="testMouseHover" finished-at="2018-01-26T15:14:00Z" duration-ms="6801" status="PASS">
          <reporter-output>
          </reporter-output>
        </test-method> <!-- testMouseHover -->
        <test-method is-config="true" signature="cleanUp()[pri:0, instance:testcases.TestDropDownMenu@662ac478]" started-at="2018-01-26T15:14:00Z" name="cleanUp" finished-at="2018-01-26T15:14:02Z" duration-ms="2154" status="PASS">
          <reporter-output>
          </reporter-output>
        </test-method> <!-- cleanUp -->
      </class> <!-- testcases.TestDropDownMenu -->
    </test> <!-- Test Amazon -->
  </suite> <!-- Amazon -->
</testng-results>
