<?xml version="1.0" encoding="UTF-8"?>
<!-- Generated by org.testng.reporters.JUnitXMLReporter -->
<testsuite ignored="0" hostname="USDG-NY-MOHAMMED" failures="0" tests="4" name="Test SallieMae" time="85.53" errors="0" timestamp="26 Jan 2018 20:16:07 GMT">
  <testcase classname="testcases.TestSallieMaeBrowserPage" name="testloginButton" time="7.741"/>
  <testcase classname="testcases.TestSallieMaeBrowserPage" name="testloginButton" time="8.173"/>
  <testcase classname="testcases.TestSallieMaeBrowserPage" name="testloginButton" time="8.122"/>
  <testcase classname="testcases.TestSallieMaeBrowserPage" name="testloginButton" time="7.981"/>
</testsuite> <!-- Test SallieMae -->
