<?xml version="1.0" encoding="UTF-8"?>
<testng-results ignored="0" total="4" passed="4" failed="0" skipped="0">
  <reporter-output>
  </reporter-output>
  <suite started-at="2018-01-26T20:14:41Z" name="SalliMae" finished-at="2018-01-26T20:16:06Z" duration-ms="85530">
    <groups>
    </groups>
    <test started-at="2018-01-26T20:14:41Z" name="Test SallieMae" finished-at="2018-01-26T20:16:06Z" duration-ms="85530">
      <class name="testcases.TestSallieMaeBrowserPage">
        <test-method is-config="true" signature="setUp(boolean, java.lang.String, java.lang.String, java.lang.String, java.lang.String, java.lang.String, java.lang.String)[pri:0, instance:testcases.TestSallieMaeBrowserPage@f5958c9]" started-at="2018-01-26T15:14:42Z" name="setUp" finished-at="2018-01-26T15:14:55Z" duration-ms="13158" status="PASS">
          <params>
            <param index="0">
              <value>
                <![CDATA[false]]>
              </value>
            </param>
            <param index="1">
              <value>
                <![CDATA[browserstack]]>
              </value>
            </param>
            <param index="2">
              <value>
                <![CDATA[Windows]]>
              </value>
            </param>
            <param index="3">
              <value>
                <![CDATA[Windows]]>
              </value>
            </param>
            <param index="4">
              <value>
                <![CDATA[chrome]]>
              </value>
            </param>
            <param index="5">
              <value>
                <![CDATA[63.0]]>
              </value>
            </param>
            <param index="6">
              <value>
                <![CDATA[https://www.salliemae.com]]>
              </value>
            </param>
          </params>
          <reporter-output>
          </reporter-output>
        </test-method> <!-- setUp -->
        <test-method signature="testloginButton(java.lang.String, java.lang.String)[pri:0, instance:testcases.TestSallieMaeBrowserPage@f5958c9]" started-at="2018-01-26T15:14:55Z" name="testloginButton" data-provider="testdata" finished-at="2018-01-26T15:15:03Z" duration-ms="7741" status="PASS">
          <params>
            <param index="0">
              <value>
                <![CDATA[urbana@gmail.con]]>
              </value>
            </param>
            <param index="1">
              <value>
                <![CDATA[abc123]]>
              </value>
            </param>
          </params>
          <reporter-output>
          </reporter-output>
        </test-method> <!-- testloginButton -->
        <test-method is-config="true" signature="cleanUp()[pri:0, instance:testcases.TestSallieMaeBrowserPage@f5958c9]" started-at="2018-01-26T15:15:03Z" name="cleanUp" finished-at="2018-01-26T15:15:03Z" duration-ms="566" status="PASS">
          <reporter-output>
          </reporter-output>
        </test-method> <!-- cleanUp -->
        <test-method is-config="true" signature="setUp(boolean, java.lang.String, java.lang.String, java.lang.String, java.lang.String, java.lang.String, java.lang.String)[pri:0, instance:testcases.TestSallieMaeBrowserPage@f5958c9]" started-at="2018-01-26T15:15:03Z" name="setUp" finished-at="2018-01-26T15:15:15Z" duration-ms="12177" status="PASS">
          <params>
            <param index="0">
              <value>
                <![CDATA[false]]>
              </value>
            </param>
            <param index="1">
              <value>
                <![CDATA[browserstack]]>
              </value>
            </param>
            <param index="2">
              <value>
                <![CDATA[Windows]]>
              </value>
            </param>
            <param index="3">
              <value>
                <![CDATA[Windows]]>
              </value>
            </param>
            <param index="4">
              <value>
                <![CDATA[chrome]]>
              </value>
            </param>
            <param index="5">
              <value>
                <![CDATA[63.0]]>
              </value>
            </param>
            <param index="6">
              <value>
                <![CDATA[https://www.salliemae.com]]>
              </value>
            </param>
          </params>
          <reporter-output>
          </reporter-output>
        </test-method> <!-- setUp -->
        <test-method signature="testloginButton(java.lang.String, java.lang.String)[pri:0, instance:testcases.TestSallieMaeBrowserPage@f5958c9]" started-at="2018-01-26T15:15:15Z" name="testloginButton" data-provider="testdata" finished-at="2018-01-26T15:15:23Z" duration-ms="8173" status="PASS">
          <params>
            <param index="0">
              <value>
                <![CDATA[MohammadKabir@hotmail.com]]>
              </value>
            </param>
            <param index="1">
              <value>
                <![CDATA[abc456]]>
              </value>
            </param>
          </params>
          <reporter-output>
          </reporter-output>
        </test-method> <!-- testloginButton -->
        <test-method is-config="true" signature="cleanUp()[pri:0, instance:testcases.TestSallieMaeBrowserPage@f5958c9]" started-at="2018-01-26T15:15:23Z" name="cleanUp" finished-at="2018-01-26T15:15:24Z" duration-ms="464" status="PASS">
          <reporter-output>
          </reporter-output>
        </test-method> <!-- cleanUp -->
        <test-method is-config="true" signature="setUp(boolean, java.lang.String, java.lang.String, java.lang.String, java.lang.String, java.lang.String, java.lang.String)[pri:0, instance:testcases.TestSallieMaeBrowserPage@f5958c9]" started-at="2018-01-26T15:15:24Z" name="setUp" finished-at="2018-01-26T15:15:36Z" duration-ms="12525" status="PASS">
          <params>
            <param index="0">
              <value>
                <![CDATA[false]]>
              </value>
            </param>
            <param index="1">
              <value>
                <![CDATA[browserstack]]>
              </value>
            </param>
            <param index="2">
              <value>
                <![CDATA[Windows]]>
              </value>
            </param>
            <param index="3">
              <value>
                <![CDATA[Windows]]>
              </value>
            </param>
            <param index="4">
              <value>
                <![CDATA[chrome]]>
              </value>
            </param>
            <param index="5">
              <value>
                <![CDATA[63.0]]>
              </value>
            </param>
            <param index="6">
              <value>
                <![CDATA[https://www.salliemae.com]]>
              </value>
            </param>
          </params>
          <reporter-output>
          </reporter-output>
        </test-method> <!-- setUp -->
        <test-method signature="testloginButton(java.lang.String, java.lang.String)[pri:0, instance:testcases.TestSallieMaeBrowserPage@f5958c9]" started-at="2018-01-26T15:15:36Z" name="testloginButton" data-provider="testdata" finished-at="2018-01-26T15:15:45Z" duration-ms="8122" status="PASS">
          <params>
            <param index="0">
              <value>
                <![CDATA[Alton@yahoo.com]]>
              </value>
            </param>
            <param index="1">
              <value>
                <![CDATA[abc789]]>
              </value>
            </param>
          </params>
          <reporter-output>
          </reporter-output>
        </test-method> <!-- testloginButton -->
        <test-method is-config="true" signature="cleanUp()[pri:0, instance:testcases.TestSallieMaeBrowserPage@f5958c9]" started-at="2018-01-26T15:15:45Z" name="cleanUp" finished-at="2018-01-26T15:15:45Z" duration-ms="475" status="PASS">
          <reporter-output>
          </reporter-output>
        </test-method> <!-- cleanUp -->
        <test-method is-config="true" signature="setUp(boolean, java.lang.String, java.lang.String, java.lang.String, java.lang.String, java.lang.String, java.lang.String)[pri:0, instance:testcases.TestSallieMaeBrowserPage@f5958c9]" started-at="2018-01-26T15:15:45Z" name="setUp" finished-at="2018-01-26T15:15:58Z" duration-ms="12848" status="PASS">
          <params>
            <param index="0">
              <value>
                <![CDATA[false]]>
              </value>
            </param>
            <param index="1">
              <value>
                <![CDATA[browserstack]]>
              </value>
            </param>
            <param index="2">
              <value>
                <![CDATA[Windows]]>
              </value>
            </param>
            <param index="3">
              <value>
                <![CDATA[Windows]]>
              </value>
            </param>
            <param index="4">
              <value>
                <![CDATA[chrome]]>
              </value>
            </param>
            <param index="5">
              <value>
                <![CDATA[63.0]]>
              </value>
            </param>
            <param index="6">
              <value>
                <![CDATA[https://www.salliemae.com]]>
              </value>
            </param>
          </params>
          <reporter-output>
          </reporter-output>
        </test-method> <!-- setUp -->
        <test-method signature="testloginButton(java.lang.String, java.lang.String)[pri:0, instance:testcases.TestSallieMaeBrowserPage@f5958c9]" started-at="2018-01-26T15:15:58Z" name="testloginButton" data-provider="testdata" finished-at="2018-01-26T15:16:06Z" duration-ms="7981" status="PASS">
          <params>
            <param index="0">
              <value>
                <![CDATA[Rafiq@gmail.com]]>
              </value>
            </param>
            <param index="1">
              <value>
                <![CDATA[abc1234]]>
              </value>
            </param>
          </params>
          <reporter-output>
          </reporter-output>
        </test-method> <!-- testloginButton -->
        <test-method is-config="true" signature="cleanUp()[pri:0, instance:testcases.TestSallieMaeBrowserPage@f5958c9]" started-at="2018-01-26T15:16:06Z" name="cleanUp" finished-at="2018-01-26T15:16:06Z" duration-ms="562" status="PASS">
          <reporter-output>
          </reporter-output>
        </test-method> <!-- cleanUp -->
      </class> <!-- testcases.TestSallieMaeBrowserPage -->
    </test> <!-- Test SallieMae -->
  </suite> <!-- SalliMae -->
</testng-results>
