<?xml version="1.0" encoding="UTF-8"?>
<testng-results ignored="0" total="2" passed="2" failed="0" skipped="0">
  <reporter-output>
  </reporter-output>
  <suite started-at="2018-01-26T20:14:06Z" name="HealthFirst" finished-at="2018-01-26T20:14:38Z" duration-ms="31649">
    <groups>
    </groups>
    <test started-at="2018-01-26T20:14:06Z" name="Test HealthFirst" finished-at="2018-01-26T20:14:38Z" duration-ms="31649">
      <class name="testcases.TestHomePage">
        <test-method is-config="true" signature="setUp(boolean, java.lang.String, java.lang.String, java.lang.String, java.lang.String, java.lang.String, java.lang.String)[pri:0, instance:testcases.TestHomePage@662ac478]" started-at="2018-01-26T15:14:06Z" name="setUp" finished-at="2018-01-26T15:14:20Z" duration-ms="13533" status="PASS">
          <params>
            <param index="0">
              <value>
                <![CDATA[false]]>
              </value>
            </param>
            <param index="1">
              <value>
                <![CDATA[browserstack]]>
              </value>
            </param>
            <param index="2">
              <value>
                <![CDATA[Windows]]>
              </value>
            </param>
            <param index="3">
              <value>
                <![CDATA[Windows]]>
              </value>
            </param>
            <param index="4">
              <value>
                <![CDATA[chrome]]>
              </value>
            </param>
            <param index="5">
              <value>
                <![CDATA[63.0]]>
              </value>
            </param>
            <param index="6">
              <value>
                <![CDATA[http://healthfirst.org]]>
              </value>
            </param>
          </params>
          <reporter-output>
          </reporter-output>
        </test-method> <!-- setUp -->
        <test-method signature="testLangChangeEnglishToChinese()[pri:0, instance:testcases.TestHomePage@662ac478]" started-at="2018-01-26T15:14:20Z" name="testLangChangeEnglishToChinese" finished-at="2018-01-26T15:14:20Z" duration-ms="435" status="PASS">
          <reporter-output>
          </reporter-output>
        </test-method> <!-- testLangChangeEnglishToChinese -->
        <test-method is-config="true" signature="cleanUp()[pri:0, instance:testcases.TestHomePage@662ac478]" started-at="2018-01-26T15:14:20Z" name="cleanUp" finished-at="2018-01-26T15:14:20Z" duration-ms="485" status="PASS">
          <reporter-output>
          </reporter-output>
        </test-method> <!-- cleanUp -->
        <test-method is-config="true" signature="setUp(boolean, java.lang.String, java.lang.String, java.lang.String, java.lang.String, java.lang.String, java.lang.String)[pri:0, instance:testcases.TestHomePage@662ac478]" started-at="2018-01-26T15:14:20Z" name="setUp" finished-at="2018-01-26T15:14:32Z" duration-ms="11268" status="PASS">
          <params>
            <param index="0">
              <value>
                <![CDATA[false]]>
              </value>
            </param>
            <param index="1">
              <value>
                <![CDATA[browserstack]]>
              </value>
            </param>
            <param index="2">
              <value>
                <![CDATA[Windows]]>
              </value>
            </param>
            <param index="3">
              <value>
                <![CDATA[Windows]]>
              </value>
            </param>
            <param index="4">
              <value>
                <![CDATA[chrome]]>
              </value>
            </param>
            <param index="5">
              <value>
                <![CDATA[63.0]]>
              </value>
            </param>
            <param index="6">
              <value>
                <![CDATA[http://healthfirst.org]]>
              </value>
            </param>
          </params>
          <reporter-output>
          </reporter-output>
        </test-method> <!-- setUp -->
        <test-method signature="testSearch()[pri:0, instance:testcases.TestHomePage@662ac478]" started-at="2018-01-26T15:14:32Z" name="testSearch" finished-at="2018-01-26T15:14:35Z" duration-ms="3737" status="PASS">
          <reporter-output>
          </reporter-output>
        </test-method> <!-- testSearch -->
        <test-method is-config="true" signature="cleanUp()[pri:0, instance:testcases.TestHomePage@662ac478]" started-at="2018-01-26T15:14:35Z" name="cleanUp" finished-at="2018-01-26T15:14:38Z" duration-ms="2139" status="PASS">
          <reporter-output>
          </reporter-output>
        </test-method> <!-- cleanUp -->
      </class> <!-- testcases.TestHomePage -->
    </test> <!-- Test HealthFirst -->
  </suite> <!-- HealthFirst -->
</testng-results>
