<?xml version="1.0" encoding="UTF-8"?>
<testng-results ignored="0" total="1" passed="1" failed="0" skipped="0">
  <reporter-output>
  </reporter-output>
  <suite started-at="2018-01-23T21:25:54Z" name="UPS" finished-at="2018-01-23T21:26:11Z" duration-ms="16882">
    <groups>
    </groups>
    <test started-at="2018-01-23T21:25:54Z" name="Test Ups" finished-at="2018-01-23T21:26:11Z" duration-ms="16882">
      <class name="testcases.TestUpsTrackingHomePage">
        <test-method is-config="true" signature="setUp(boolean, java.lang.String, java.lang.String, java.lang.String, java.lang.String, java.lang.String, java.lang.String)[pri:0, instance:testcases.TestUpsTrackingHomePage@2f4948e4]" started-at="2018-01-23T16:25:54Z" name="setUp" finished-at="2018-01-23T16:26:06Z" duration-ms="11281" status="PASS">
          <params>
            <param index="0">
              <value>
                <![CDATA[false]]>
              </value>
            </param>
            <param index="1">
              <value>
                <![CDATA[browserstack]]>
              </value>
            </param>
            <param index="2">
              <value>
                <![CDATA[Windows]]>
              </value>
            </param>
            <param index="3">
              <value>
                <![CDATA[Windows]]>
              </value>
            </param>
            <param index="4">
              <value>
                <![CDATA[chrome]]>
              </value>
            </param>
            <param index="5">
              <value>
                <![CDATA[63.0]]>
              </value>
            </param>
            <param index="6">
              <value>
                <![CDATA[https://www.ups.com]]>
              </value>
            </param>
          </params>
          <reporter-output>
          </reporter-output>
        </test-method> <!-- setUp -->
        <test-method signature="testLogo()[pri:0, instance:testcases.TestUpsTrackingHomePage@2f4948e4]" started-at="2018-01-23T16:26:06Z" name="testLogo" finished-at="2018-01-23T16:26:09Z" duration-ms="3292" status="PASS">
          <reporter-output>
          </reporter-output>
        </test-method> <!-- testLogo -->
        <test-method is-config="true" signature="cleanUp()[pri:0, instance:testcases.TestUpsTrackingHomePage@2f4948e4]" started-at="2018-01-23T16:26:09Z" name="cleanUp" finished-at="2018-01-23T16:26:11Z" duration-ms="2277" status="PASS">
          <reporter-output>
          </reporter-output>
        </test-method> <!-- cleanUp -->
      </class> <!-- testcases.TestUpsTrackingHomePage -->
    </test> <!-- Test Ups -->
  </suite> <!-- UPS -->
</testng-results>
